<?xml version="1.0" encoding="UTF-8"?>
<!-- Generated by org.testng.reporters.JUnitReportReporter -->
<testsuite hostname="DESKTOP-AH2FEE7" failures="0" tests="1" name="restAPI.PostwithJsonObject" time="2.491" errors="0" timestamp="18 Mar 2021 06:50:48 GMT" skipped="0">
  <testcase classname="restAPI.PostwithJsonObject" name="test1" time="2.491"/>
</testsuite> <!-- restAPI.PostwithJsonObject -->
