<?xml version="1.0" encoding="UTF-8"?>
<!-- Generated by org.testng.reporters.JUnitReportReporter -->
<testsuite hostname="DESKTOP-AH2FEE7" failures="0" tests="1" name="restAPIBDD.PostRquestBDD" time="4.192" errors="0" timestamp="19 Mar 2021 04:59:43 GMT" skipped="0">
  <testcase classname="restAPIBDD.PostRquestBDD" name="test1" time="4.192"/>
</testsuite> <!-- restAPIBDD.PostRquestBDD -->
