<?xml version="1.0" encoding="UTF-8"?>
<!-- Generated by org.testng.reporters.JUnitReportReporter -->
<testsuite hostname="DESKTOP-AH2FEE7" failures="0" tests="1" name="restAPIBDD.GetRequestBDD" time="4.435" errors="0" timestamp="19 Mar 2021 04:42:23 GMT" skipped="0">
  <testcase classname="restAPIBDD.GetRequestBDD" name="test1" time="4.435"/>
</testsuite> <!-- restAPIBDD.GetRequestBDD -->
