<?xml version="1.0" encoding="UTF-8"?>
<!-- Generated by org.testng.reporters.JUnitReportReporter -->
<testsuite hostname="DESKTOP-AH2FEE7" failures="0" tests="1" name="restAPIBDD.DeleteRequestBDD" time="2.493" errors="0" timestamp="19 Mar 2021 05:21:08 GMT" skipped="0">
  <testcase classname="restAPIBDD.DeleteRequestBDD" name="test1" time="2.493"/>
</testsuite> <!-- restAPIBDD.DeleteRequestBDD -->
