<?xml version="1.0" encoding="UTF-8"?>
<!-- Generated by org.testng.reporters.JUnitReportReporter -->
<testsuite hostname="DESKTOP-AH2FEE7" failures="0" tests="1" name="restAPI.DeleteRequest" time="2.242" errors="0" timestamp="18 Mar 2021 07:09:01 GMT" skipped="0">
  <testcase classname="restAPI.DeleteRequest" name="test1" time="2.242"/>
</testsuite> <!-- restAPI.DeleteRequest -->
