<?xml version="1.0" encoding="UTF-8"?>
<!-- Generated by org.testng.reporters.JUnitReportReporter -->
<testsuite hostname="DESKTOP-AH2FEE7" failures="0" tests="1" name="restAPI.GetRequest" time="3.534" errors="0" timestamp="18 Mar 2021 04:33:30 GMT" skipped="0">
  <testcase classname="restAPI.GetRequest" name="test1" time="3.534"/>
</testsuite> <!-- restAPI.GetRequest -->
