<?xml version="1.0" encoding="UTF-8"?>
<!-- Generated by org.testng.reporters.JUnitReportReporter -->
<testsuite hostname="DESKTOP-AH2FEE7" failures="0" tests="1" name="restAPI.PutRequest" time="2.505" errors="0" timestamp="18 Mar 2021 07:02:18 GMT" skipped="0">
  <testcase classname="restAPI.PutRequest" name="test1" time="2.505"/>
</testsuite> <!-- restAPI.PutRequest -->
