<?xml version="1.0" encoding="UTF-8"?>
<!-- Generated by org.testng.reporters.JUnitReportReporter -->
<testsuite hostname="DESKTOP-AH2FEE7" failures="0" tests="1" name="restAPI.GetRequestwithParams" time="3.069" errors="0" timestamp="18 Mar 2021 06:18:09 GMT" skipped="0">
  <testcase classname="restAPI.GetRequestwithParams" name="test1" time="3.069"/>
</testsuite> <!-- restAPI.GetRequestwithParams -->
