<?xml version="1.0" encoding="UTF-8"?>
<!-- Generated by org.testng.reporters.JUnitReportReporter -->
<testsuite hostname="DESKTOP-AH2FEE7" failures="0" tests="1" name="restAPI.PostRequest" time="2.550" errors="0" timestamp="18 Mar 2021 06:31:52 GMT" skipped="0">
  <testcase classname="restAPI.PostRequest" name="test1" time="2.550"/>
</testsuite> <!-- restAPI.PostRequest -->
